[2026-06-05T00:00:37.488957Z] LOGOUT - admin@outlook.com
[2026-06-05T00:00:37.495728Z] LOGOUT - admin@outlook.com
[2026-06-05T00:00:47.311619Z] LOGIN - h-kadhim@outlook.com
[2026-06-05T00:05:47.601836Z] LOGOUT - h-kadhim@outlook.com
[2026-06-05T00:05:51.582606Z] LOGIN - admin@outlook.com
[2026-06-05T00:22:52.576732Z] LOGOUT - admin@outlook.com
[2026-06-05T00:22:57.356741Z] LOGIN - admin@outlook.com
[2026-06-05T00:25:10.796709Z] LOGOUT - admin@outlook.com
[2026-06-05T00:25:15.110835Z] LOGIN - h-kadhim@outlook.com
[2026-06-05T00:27:11.526988Z] LOGOUT - h-kadhim@outlook.com
[2026-06-05T00:27:16.370341Z] LOGIN - admin@outlook.com
[2026-06-05T00:43:45.445092Z] LOGOUT - admin@outlook.com
[2026-06-05T00:43:49.191518Z] LOGIN - h-kadhim@outlook.com
[2026-06-05T00:44:27.944296Z] LOGOUT - h-kadhim@outlook.com
[2026-06-05T00:44:34.653997Z] LOGIN - admin@outlook.com
[2026-06-05T00:48:54.339899Z] LOGOUT - admin@outlook.com
[2026-06-05T00:48:58.936737Z] LOGIN - h-kadhim@outlook.com
[2026-06-05T01:03:24.875790Z] LOGOUT - h-kadhim@outlook.com
[2026-06-05T01:03:29.141383Z] LOGIN - admin@outlook.com
[2026-06-05T01:03:50.600444Z] LOGOUT - admin@outlook.com
[2026-06-05T01:03:58.520723Z] LOGIN - h-kadhim@outlook.com
[2026-06-05T09:06:07.071481Z] LOGOUT - h-kadhim@outlook.com
[2026-06-05T09:06:07.981695Z] LOGOUT - h-kadhim@outlook.com
[2026-06-05T09:06:17.874523Z] LOGIN - h-kadhim@outlook.com
[2026-06-05T09:06:17.881484Z] LOGIN - h-kadhim@outlook.com
[2026-06-05T09:06:17.896888Z] LOGIN - h-kadhim@outlook.com
[2026-06-05T09:06:17.911860Z] LOGIN - h-kadhim@outlook.com
[2026-06-05T09:06:17.922323Z] LOGIN - h-kadhim@outlook.com
[2026-06-05T09:06:18.289879Z] LOGIN - h-kadhim@outlook.com
[2026-06-05T13:07:27.559500Z] LOGOUT - h-kadhim@outlook.com
[2026-06-05T13:07:33.634177Z] LOGIN - h-kadhim@outlook.com
[2026-06-13T10:21:48.764577Z] LOGOUT - h-kadhim@outlook.com
[2026-06-13T10:21:54.840743Z] LOGIN - admin@outlook.com
[2026-06-13T11:02:40.491868Z] LOGOUT - admin@outlook.com
[2026-06-13T11:02:47.071397Z] LOGIN - h-kadhim@outlook.com
[2026-06-13T12:11:04.847220Z] LOGOUT - h-kadhim@outlook.com
[2026-06-13T12:11:10.539960Z] LOGIN - admin@outlook.com
[2026-06-13T12:11:33.400165Z] LOGOUT - admin@outlook.com
[2026-06-13T12:11:37.562004Z] LOGIN - h-kadhim@outlook.com
[2026-06-13T12:11:39.813750Z] LOGOUT - h-kadhim@outlook.com
[2026-06-13T12:11:43.332603Z] LOGIN - admin@outlook.com
[2026-06-13T12:11:59.804144Z] LOGOUT - admin@outlook.com
[2026-06-13T12:12:03.199004Z] LOGIN - h-kadhim@outlook.com
[2026-06-16T15:06:41.677243Z] LOGOUT - h-kadhim@outlook.com
[2026-06-16T15:06:46.541876Z] LOGIN - h-kadhim@outlook.com
[2026-06-16T15:07:30.322793Z] LOGOUT - h-kadhim@outlook.com
[2026-06-16T15:12:16.897185Z] LOGIN - terence@windkracht12.nl
[2026-06-16T15:46:15.717640Z] LOGOUT - terence@windkracht12.nl
[2026-06-16T16:58:28.359076Z] LOGIN - h-kadhim@outlook.com
[2026-06-16T17:32:18.450645Z] LOGIN - newcr00@outlook.com
[2026-06-16T17:39:06.858182Z] LOGOUT - newcr00@outlook.com
[2026-06-16T17:39:55.293501Z] LOGIN - newcr00@outlook.com
[2026-06-17T12:09:03.910509Z] LOGOUT - newcr00@outlook.com
[2026-06-17T12:25:14.162965Z] LOGIN - h-kadhim@outlook.com
[2026-06-18T07:03:07.398135Z] LOGOUT - h-kadhim@outlook.com
[2026-06-18T07:03:19.545876Z] LOGIN - admin@outlook.com
[2026-06-18T07:07:43.334759Z] LOGOUT - admin@outlook.com
[2026-06-18T07:07:48.507078Z] LOGIN - h-kadhim@outlook.com
[2026-06-18T07:07:48.758049Z] LOGIN - h-kadhim@outlook.com
[2026-06-18T08:28:59.099234Z] LOGOUT - h-kadhim@outlook.com
[2026-06-18T08:56:09.735134Z] LOGIN - h-kadhim@outlook.com
[2026-06-18T09:04:20.612445Z] LOGIN - admin@outlook.com
[2026-06-18T09:04:30.804277Z] LOGOUT - admin@outlook.com
[2026-06-18T09:05:19.649666Z] LOGIN - h-kadhim@outlook.com
[2026-06-18T09:08:11.133198Z] LOGOUT - h-kadhim@outlook.com
[2026-06-18T09:08:19.366477Z] LOGIN - admin@outlook.com
[2026-06-18T09:38:28.698457Z] LOGIN - admin@outlook.com
[2026-06-18T09:38:47.631552Z] LOGOUT - admin@outlook.com
[2026-06-18T09:38:49.162963Z] LOGOUT - admin@outlook.com
[2026-06-18T09:39:15.139521Z] LOGIN - h-kadhim@outlook.com
[2026-06-18T17:49:01.799753Z] LOGOUT - admin@outlook.com
[2026-06-18T18:16:35.162518Z] LOGIN - admin@outlook.com
[2026-06-20T08:17:26.210734Z] LOGOUT - admin@outlook.com
[2026-06-20T08:18:37.486075Z] LOGIN - terence@windkracht12.nl
[2026-06-20T08:55:15.060993Z] LOGOUT - terence@windkracht12.nl
[2026-06-20T08:55:35.087987Z] LOGIN - h-kadhim@outlook.com
[2026-06-20T08:57:54.639247Z] LOGOUT - h-kadhim@outlook.com
[2026-06-20T08:57:56.542133Z] LOGIN - terence@windkracht12.nl
[2026-06-20T09:04:44.894733Z] LOGOUT - terence@windkracht12.nl
[2026-06-20T09:04:48.381344Z] LOGIN - terence@windkracht12.nl
[2026-06-20T09:05:03.454785Z] LOGOUT - terence@windkracht12.nl
[2026-06-20T09:05:18.677521Z] LOGIN - h-kadhim@outlook.com
[2026-06-20T09:05:34.025434Z] LOGOUT - h-kadhim@outlook.com
[2026-06-20T09:05:37.384827Z] LOGIN - terence@windkracht12.nl
[2026-06-20T09:07:34.786025Z] LOGOUT - terence@windkracht12.nl
[2026-06-20T09:07:45.167649Z] LOGIN - h-kadhim@outlook.com
[2026-06-20T09:12:24.863553Z] LOGOUT - h-kadhim@outlook.com
[2026-06-20T09:12:26.746340Z] LOGIN - terence@windkracht12.nl
[2026-06-20T11:06:05.138547Z] LOGOUT - terence@windkracht12.nl
[2026-06-20T11:06:55.888584Z] LOGIN - h-kadhim@outlook.com
[2026-06-20T11:07:13.766546Z] LOGOUT - h-kadhim@outlook.com
[2026-06-20T11:07:18.614378Z] LOGIN - bernie@windkracht-12.nl
[2026-06-20T11:07:23.495218Z] LOGOUT - bernie@windkracht-12.nl
[2026-06-20T11:07:39.667768Z] LOGIN - h-kadhim@outlook.com
[2026-06-20T11:13:43.467082Z] LOGOUT - h-kadhim@outlook.com
[2026-06-20T11:15:56.474404Z] LOGIN - terence@windkracht12.nl
[2026-06-20T11:16:17.595158Z] LOGOUT - terence@windkracht12.nl
[2026-06-20T11:16:56.786440Z] LOGIN - duco@windkracht-12.nl
[2026-06-20T11:18:40.173100Z] LOGOUT - duco@windkracht-12.nl
[2026-06-20T11:18:46.323126Z] LOGIN - terence@windkracht12.nl
[2026-06-20T11:24:59.205554Z] LOGOUT - terence@windkracht12.nl
[2026-06-20T11:25:07.595504Z] LOGIN - h-kadhim@outlook.com
[2026-06-20T11:25:42.978775Z] LOGOUT - h-kadhim@outlook.com
[2026-06-20T11:25:47.225627Z] LOGIN - terence@windkracht12.nl
[2026-06-20T11:35:50.224333Z] LOGOUT - terence@windkracht12.nl
[2026-06-20T11:35:54.843806Z] LOGIN - h-kadhim@outlook.com
[2026-06-20T13:04:31.435886Z] LOGOUT - h-kadhim@outlook.com
[2026-06-20T13:04:33.082910Z] LOGIN - h-kadhim@outlook.com
[2026-06-20T13:12:30.744659Z] LOGOUT - h-kadhim@outlook.com
[2026-06-20T13:12:34.773726Z] LOGIN - terence@windkracht12.nl
[2026-06-20T13:14:39.219969Z] LOGOUT - terence@windkracht12.nl
[2026-06-20T13:14:43.062904Z] LOGIN - duco@windkracht-12.nl
[2026-06-20T13:16:41.336075Z] LOGOUT - duco@windkracht-12.nl
[2026-06-20T13:16:46.994197Z] LOGIN - h-kadhim@outlook.com
[2026-06-20T13:17:55.663557Z] LOGOUT - h-kadhim@outlook.com
[2026-06-20T13:18:02.341621Z] LOGIN - terence@windkracht12.nl
[2026-06-20T13:21:37.400718Z] LOGOUT - terence@windkracht12.nl
[2026-06-20T13:21:40.413403Z] LOGIN - h-kadhim@outlook.com
[2026-06-20T13:26:43.487611Z] LOGOUT - h-kadhim@outlook.com
[2026-06-20T13:26:47.224281Z] LOGIN - terence@windkracht12.nl
[2026-06-20T13:27:01.447779Z] LOGOUT - terence@windkracht12.nl
[2026-06-20T13:27:04.612221Z] LOGIN - duco@windkracht-12.nl
[2026-06-20T13:29:28.261582Z] LOGOUT - duco@windkracht-12.nl
[2026-06-20T13:29:35.384668Z] LOGIN - terence@windkracht12.nl
[2026-06-20T13:36:08.702758Z] LOGOUT - terence@windkracht12.nl
[2026-06-20T13:36:14.600395Z] LOGIN - h-kadhim@outlook.com
[2026-06-20T13:36:25.191318Z] LOGOUT - h-kadhim@outlook.com
[2026-06-20T13:36:51.574802Z] LOGIN - h-kadhim@outlook.com
[2026-06-20T13:38:19.651639Z] LOGOUT - h-kadhim@outlook.com
[2026-06-20T13:38:24.600383Z] LOGIN - terence@windkracht12.nl
[2026-06-20T18:46:04.710986Z] LOGOUT - terence@windkracht12.nl
[2026-06-20T18:46:08.238767Z] LOGIN - h-kadhim@outlook.com
[2026-06-20T18:46:45.893342Z] LOGOUT - h-kadhim@outlook.com
[2026-06-20T18:46:55.655996Z] LOGIN - terence@windkracht12.nl
[2026-06-20T18:51:40.200722Z] LOGOUT - terence@windkracht12.nl
[2026-06-20T18:51:43.456215Z] LOGIN - h-kadhim@outlook.com
[2026-06-20T18:52:22.612222Z] LOGOUT - h-kadhim@outlook.com
[2026-06-20T18:52:26.790645Z] LOGIN - terence@windkracht12.nl
[2026-06-20T19:43:47.022618Z] LOGOUT - terence@windkracht12.nl
[2026-06-20T19:43:50.891277Z] LOGIN - h-kadhim@outlook.com
[2026-06-20T20:04:50.674003Z] LOGOUT - h-kadhim@outlook.com
[2026-06-20T20:04:55.054133Z] LOGIN - terence@windkracht12.nl
[2026-06-21T08:21:17.669236Z] LOGOUT - terence@windkracht12.nl
[2026-06-21T08:21:21.053443Z] LOGIN - h-kadhim@outlook.com
[2026-06-21T08:21:34.695413Z] LOGOUT - h-kadhim@outlook.com
[2026-06-21T08:21:37.903396Z] LOGIN - terence@windkracht12.nl
[2026-06-21T08:21:44.621899Z] LOGOUT - terence@windkracht12.nl
[2026-06-21T08:21:48.129121Z] LOGIN - h-kadhim@outlook.com
[2026-06-21T08:23:17.646607Z] LOGOUT - h-kadhim@outlook.com
[2026-06-21T08:23:25.092780Z] LOGIN - terence@windkracht12.nl
[2026-06-21T08:49:12.056043Z] LOGOUT - terence@windkracht12.nl
[2026-06-21T08:49:16.049253Z] LOGIN - h-kadhim@outlook.com
[2026-06-21T08:50:53.033284Z] LOGOUT - h-kadhim@outlook.com
[2026-06-21T08:50:56.217502Z] LOGIN - terence@windkracht12.nl
[2026-06-21T08:51:46.132962Z] LOGOUT - terence@windkracht12.nl
[2026-06-21T08:51:49.577784Z] LOGIN - h-kadhim@outlook.com
[2026-06-21T08:52:10.573055Z] LOGOUT - h-kadhim@outlook.com
[2026-06-21T08:52:13.270152Z] LOGIN - terence@windkracht12.nl
[2026-06-21T09:46:05.683252Z] LOGOUT - terence@windkracht12.nl
[2026-06-21T09:46:09.201078Z] LOGIN - h-kadhim@outlook.com
[2026-06-21T10:23:50.618674Z] LOGOUT - h-kadhim@outlook.com
